Name                                          Stmts   Miss Branch BrPart  Cover
-------------------------------------------------------------------------------
blivet/__init__.py                               49     12      6      2    75%
blivet/actionlist.py                            187     94    108      7    42%
blivet/arch.py                                  160    109    102     10    25%
blivet/autopart.py                              214    191    132      0     7%
blivet/blivet.py                                588    242    324     53    53%
blivet/callbacks.py                              35      4      2      1    86%
blivet/dbus/__init__.py                           0      0      0      0   100%
blivet/dbus/action.py                            16      0      0      0   100%
blivet/dbus/blivet.py                           139     57     44      6    51%
blivet/dbus/constants.py                         14      0      0      0   100%
blivet/dbus/device.py                            33      4     10      1    84%
blivet/dbus/format.py                            23      2      2      0    92%
blivet/dbus/object.py                            40     12      6      1    63%
blivet/deviceaction.py                          549    134    242     55    70%
blivet/devicefactory.py                         859    187    374     52    74%
blivet/devicelibs/__init__.py                     0      0      0      0   100%
blivet/devicelibs/btrfs.py                       10      0      0      0   100%
blivet/devicelibs/crypto.py                       6      0      0      0   100%
blivet/devicelibs/edd.py                        388     91    182     31    73%
blivet/devicelibs/lvm.py                         92     39     30      6    50%
blivet/devicelibs/mdraid.py                      12      0      0      0   100%
blivet/devicelibs/raid.py                       289     33     99     14    87%
blivet/devices/__init__.py                       16      0      0      0   100%
blivet/devices/btrfs.py                         343    150    112     12    52%
blivet/devices/cache.py                          39     15      6      0    67%
blivet/devices/container.py                      72     27     36      7    57%
blivet/devices/device.py                        110     21     39      4    77%
blivet/devices/disk.py                          249    144     64      4    35%
blivet/devices/dm.py                            104     45     18      1    51%
blivet/devices/file.py                           70     33     16      2    45%
blivet/devices/lib.py                            76     16     32      5    73%
blivet/devices/loop.py                           54     25     12      2    47%
blivet/devices/luks.py                           59     31     16      1    39%
blivet/devices/lvm.py                          1145    373    478     73    62%
blivet/devices/md.py                            361    109    113     14    66%
blivet/devices/network.py                         4      2      0      0    50%
blivet/devices/nfs.py                            26     10      0      0    62%
blivet/devices/nodev.py                          46     25      6      0    40%
blivet/devices/optical.py                        32     19      6      0    34%
blivet/devices/partition.py                     456    150    168     32    62%
blivet/devices/raid.py                           33      6     12      1    80%
blivet/devices/storage.py                       375     47    161     21    85%
blivet/devicetree.py                            407    178    260     31    52%
blivet/errors.py                                121      6      0      0    95%
blivet/events/__init__.py                         0      0      0      0   100%
blivet/events/changes.py                         56     23      2      0    57%
blivet/events/handler.py                        109     87     44      0    14%
blivet/events/manager.py                        161     51     43     10    65%
blivet/fcoe.py                                  100     76     30      0    18%
blivet/flags.py                                  46      3     10      3    89%
blivet/formats/__init__.py                      310    109     89     13    58%
blivet/formats/biosboot.py                       21      2      0      0    90%
blivet/formats/disklabel.py                     264    103     60      9    62%
blivet/formats/dmraid.py                         38     10      7      4    69%
blivet/formats/fs.py                            651    211    126      6    61%
blivet/formats/fslib.py                          11      0      4      0   100%
blivet/formats/luks.py                          140     66     28      5    47%
blivet/formats/lvmpv.py                          86     28      6      1    64%
blivet/formats/mdraid.py                         54     12      2      1    77%
blivet/formats/multipath.py                      33      9      3      2    69%
blivet/formats/prepboot.py                       42     19      6      0    48%
blivet/formats/swap.py                           83     30     14      2    61%
blivet/i18n.py                                   16      2     14      1    77%
blivet/iscsi.py                                 273    190    119      3    22%
blivet/mounts.py                                 70     51     24      0    20%
blivet/osinstall.py                            1169    916    542     20    18%
blivet/partitioning.py                          919    221    528     91    73%
blivet/partspec.py                               21     15      0      0    29%
blivet/platform.py                              258     98     68     12    53%
blivet/populator/__init__.py                      1      0      0      0   100%
blivet/populator/helpers/__init__.py             36      0     16      2    96%
blivet/populator/helpers/boot.py                 24      1      2      1    92%
blivet/populator/helpers/btrfs.py                54     42     23      0    16%
blivet/populator/helpers/devicepopulator.py      17      9      4      0    38%
blivet/populator/helpers/disk.py                128     71     14      1    41%
blivet/populator/helpers/disklabel.py            71     52     24      0    20%
blivet/populator/helpers/dm.py                   26      2      4      1    90%
blivet/populator/helpers/dmraid.py               37     23      8      0    31%
blivet/populator/helpers/formatpopulator.py      45      8     10      2    78%
blivet/populator/helpers/loop.py                 25      0      4      2    93%
blivet/populator/helpers/luks.py                 65     44     18      0    25%
blivet/populator/helpers/lvm.py                 268    136    114     23    46%
blivet/populator/helpers/mdraid.py              126     50     36     12    56%
blivet/populator/helpers/multipath.py            33      7      2      1    77%
blivet/populator/helpers/optical.py              12      0      0      0   100%
blivet/populator/helpers/partition.py            57     23     22      5    49%
blivet/populator/helpers/populatorhelper.py      12      3      0      0    75%
blivet/populator/populator.py                   281    221    120      2    15%
blivet/safe_dbus.py                              60     24     21      4    52%
blivet/size.py                                   58      5     20      0    91%
blivet/static_data/__init__.py                    2      0      0      0   100%
blivet/static_data/luks_data.py                  37     12      6      1    60%
blivet/static_data/lvm_info.py                   23      0      8      0   100%
blivet/storage_log.py                            50      1     15      2    95%
blivet/tasks/__init__.py                          0      0      0      0   100%
blivet/tasks/availability.py                    131     12     16      4    89%
blivet/tasks/dfresize.py                         11      1      2      0    92%
blivet/tasks/fsck.py                             64     28     12      0    50%
blivet/tasks/fsinfo.py                           44     14      8      0    62%
blivet/tasks/fslabeling.py                       39      1      2      0    98%
blivet/tasks/fsminsize.py                        92     63     29      0    26%
blivet/tasks/fsmkfs.py                          104     36     16      0    60%
blivet/tasks/fsmount.py                          91     40     25      1    45%
blivet/tasks/fsreadlabel.py                      51     17      8      0    61%
blivet/tasks/fsresize.py                         59     20      8      0    64%
blivet/tasks/fssize.py                           77     42     29      0    35%
blivet/tasks/fssync.py                           37     19      6      0    47%
blivet/tasks/fstask.py                           10      0      2      0   100%
blivet/tasks/fswritelabel.py                     46     13      6      0    67%
blivet/tasks/lukstasks.py                        33     10      0      0    70%
blivet/tasks/pvtask.py                           19      6      0      0    68%
blivet/tasks/task.py                             36      5      8      0    89%
blivet/threads.py                                45      8     14      2    80%
blivet/tsort.py                                  42     36     23      1    11%
blivet/udev.py                                  415    248    161     16    33%
blivet/util.py                                  544    237    198     23    53%
blivet/zfcp.py                                  227    192     72      0    12%
-------------------------------------------------------------------------------
TOTAL                                         16597   6757   6123    738    54%
