Name                            Stmts   Miss Branch BrPart  Cover
-----------------------------------------------------------------
blivet/__init__.py                 83     30     12      3    61%
blivet/actionlist.py              164    104    105      6    30%
blivet/arch.py                    161    118    102      6    19%
blivet/blivet.py                  931    493    512     63    42%
blivet/callbacks.py                11      1      0      0    91%
blivet/deviceaction.py            474    140    210     41    65%
blivet/devicefactory.py           854    190    374     52    74%
blivet/devicelibs/__init__.py       0      0      0      0   100%
blivet/devicelibs/btrfs.py         10      0      0      0   100%
blivet/devicelibs/crypto.py         5      0      0      0   100%
blivet/devicelibs/edd.py          336    101    146     42    64%
blivet/devicelibs/lvm.py           90     40     28      6    47%
blivet/devicelibs/mdraid.py        12      0      0      0   100%
blivet/devicelibs/raid.py         284     33     99     14    87%
blivet/devices/__init__.py         16      0      0      0   100%
blivet/devices/btrfs.py           346    156    116     12    51%
blivet/devices/cache.py            39     15      6      0    67%
blivet/devices/container.py        71     28     36      7    56%
blivet/devices/device.py          106     23     36      3    76%
blivet/devices/disk.py            250    148     64      4    34%
blivet/devices/dm.py              103     45     18      1    50%
blivet/devices/file.py             70     44     16      0    30%
blivet/devices/lib.py              76     15     32      5    74%
blivet/devices/loop.py             54     30     12      0    36%
blivet/devices/luks.py             30     10      4      1    62%
blivet/devices/lvm.py             892    360    306     41    54%
blivet/devices/md.py              350    140    103     13    55%
blivet/devices/network.py           4      2      0      0    50%
blivet/devices/nfs.py              26     10      0      0    62%
blivet/devices/nodev.py            46     25      6      0    40%
blivet/devices/optical.py          32     19      6      0    34%
blivet/devices/partition.py       436    198    154     22    49%
blivet/devices/raid.py             32      6     12      1    80%
blivet/devices/storage.py         375     96    155     18    72%
blivet/devicetree.py              494    245    305     35    46%
blivet/errors.py                  105      2      0      0    98%
blivet/fcoe.py                     99     74     30      0    19%
blivet/flags.py                    62     21     12      3    65%
blivet/formats/__init__.py        277    116     73      7    55%
blivet/formats/biosboot.py         21      2      0      0    90%
blivet/formats/disklabel.py       241     89     52      7    64%
blivet/formats/dmraid.py           38     10      7      4    69%
blivet/formats/fs.py              692    243    132     12    57%
blivet/formats/fslib.py            12      0      4      0   100%
blivet/formats/luks.py            124     56     26      6    49%
blivet/formats/lvmpv.py            63     18      0      0    71%
blivet/formats/mdraid.py           50      9      2      1    81%
blivet/formats/multipath.py        33      9      3      2    69%
blivet/formats/prepboot.py         43     19      6      0    49%
blivet/formats/swap.py             83     29     14      2    62%
blivet/i18n.py                     16      2     14      1    77%
blivet/iscsi.py                   265    211    121      1    14%
blivet/mounts.py                   70     38     22      2    41%
blivet/osinstall.py               687    581    290      1    12%
blivet/partitioning.py            912    209    522     91    74%
blivet/partspec.py                 21     15      0      0    29%
blivet/platform.py                257     98     68     12    53%
blivet/populator.py              1014    924    444      3     6%
blivet/size.py                    186     21     75     11    85%
blivet/storage_log.py              50      2     15      3    92%
blivet/tasks/__init__.py            0      0      0      0   100%
blivet/tasks/availability.py      131     12     16      4    89%
blivet/tasks/fsck.py               64     28     12      0    50%
blivet/tasks/fsinfo.py             44     14      8      0    62%
blivet/tasks/fslabeling.py         39      1      2      0    98%
blivet/tasks/fsminsize.py          92     63     29      0    26%
blivet/tasks/fsmkfs.py            104     36     16      0    60%
blivet/tasks/fsmount.py            91     40     25      1    45%
blivet/tasks/fsreadlabel.py        51     17      8      0    61%
blivet/tasks/fsresize.py           61     21      8      0    64%
blivet/tasks/fssize.py             77     42     29      0    35%
blivet/tasks/fssync.py             37     19      6      0    47%
blivet/tasks/fstask.py             10      0      2      0   100%
blivet/tasks/fswritelabel.py       46     13      6      0    67%
blivet/tasks/task.py               36      5      8      0    89%
blivet/tsort.py                    42     36     23      1    11%
blivet/udev.py                    401    268    151      9    29%
blivet/util.py                    405    179    140     18    52%
blivet/zfcp.py                    226    190     73      0    12%
-----------------------------------------------------------------
TOTAL                           14641   6647   5469    598    50%
